<?xml version="1.0" encoding="UTF-8"?>
<!-- Generated by org.testng.reporters.JUnitReportReporter -->
<testsuite hostname="DESKTOP-64G4GPP" failures="0" tests="1" name="validateJsonSchema.ValidateJsonSchema" time="4.273" errors="0" timestamp="2021-06-26T19:47:11 ICT" skipped="0">
  <testcase classname="validateJsonSchema.ValidateJsonSchema" name="validateJsonSchema" time="4.273"/>
  <system-out/>
</testsuite> <!-- validateJsonSchema.ValidateJsonSchema -->
