<?xml version="1.0" encoding="UTF-8"?>
<!-- Generated by org.testng.reporters.JUnitReportReporter -->
<testsuite hostname="DESKTOP-64G4GPP" failures="0" tests="1" name="bukaLapakWebsite.SearchFunction" time="3.938" errors="0" timestamp="2021-06-26T18:08:41 ICT" skipped="0">
  <testcase classname="bukaLapakWebsite.SearchFunction" name="performSearch" time="3.938"/>
  <system-out/>
</testsuite> <!-- bukaLapakWebsite.SearchFunction -->
