<?xml version="1.0" encoding="UTF-8"?>
<!-- Generated by org.testng.reporters.JUnitReportReporter -->
<testsuite hostname="DESKTOP-64G4GPP" failures="0" tests="1" name="bukaLapakSearch.SearchFunction" time="4.574" errors="0" timestamp="2021-06-26T18:10:27 ICT" skipped="0">
  <testcase classname="bukaLapakSearch.SearchFunction" name="performSearch" time="4.574"/>
  <system-out/>
</testsuite> <!-- bukaLapakSearch.SearchFunction -->
