<?xml version="1.0" encoding="UTF-8"?>
<!-- Generated by org.testng.reporters.JUnitReportReporter -->
<testsuite hostname="DESKTOP-64G4GPP" failures="0" tests="1" name="addNewData.AddNewData" time="3.856" errors="0" timestamp="2021-06-26T19:06:36 ICT" skipped="0">
  <testcase classname="addNewData.AddNewData" name="postRequest" time="3.856"/>
  <system-out/>
</testsuite> <!-- addNewData.AddNewData -->
